<?xml version="1.0" encoding="UTF-8"?>
<coverage generated="1510431719557" clover="3.2.0">
  <project timestamp="1510431719557" name="All files">
    <metrics statements="2" coveredstatements="2" conditionals="0" coveredconditionals="0" methods="3" coveredmethods="3" elements="5" coveredelements="5" complexity="0" loc="2" ncloc="2" packages="2" files="2" classes="2">
      <package name="advance-react">
        <metrics statements="2" coveredstatements="2" conditionals="0" coveredconditionals="0" methods="1" coveredmethods="1"/>
        <file name="sum.js" path="C:\Users\krishna\reactjs\ar\advance-react\sum.js">
          <metrics statements="2" coveredstatements="2" conditionals="0" coveredconditionals="0" methods="1" coveredmethods="1"/>
          <line num="2" count="1" type="stmt"/>
          <line num="4" count="1" type="stmt"/>
        </file>
      </package>
      <package name="advance-react.lib">
        <metrics statements="0" coveredstatements="0" conditionals="0" coveredconditionals="0" methods="2" coveredmethods="2"/>
        <file name="DataApi.js" path="C:\Users\krishna\reactjs\ar\advance-react\lib\DataApi.js">
          <metrics statements="0" coveredstatements="0" conditionals="0" coveredconditionals="0" methods="2" coveredmethods="2"/>
        </file>
      </package>
    </metrics>
  </project>
</coverage>
