{"C:\\Users\\krishna\\reactjs\\ar\\advance-react\\sum.js": {"path":"C:\\Users\\krishna\\reactjs\\ar\\advance-react\\sum.js","statementMap":{"0":{"start":{"line":2,"column":4},"end":{"line":2,"column":17}},"1":{"start":{"line":4,"column":2},"end":{"line":4,"column":23}}},"fnMap":{"0":{"name":"sum","decl":{"start":{"line":1,"column":9},"end":{"line":1,"column":12}},"loc":{"start":{"line":1,"column":19},"end":{"line":3,"column":3}},"line":1}},"branchMap":{},"s":{"0":1,"1":1},"f":{"0":1},"b":{},"_coverageSchema":"332fd63041d2c1bcb487cc26dd0d5f7d97098a6c","hash":"5a6c834ceadc7ab82eb3844cde971c1ecb98f36e"}
,"C:\\Users\\krishna\\reactjs\\ar\\advance-react\\lib\\DataApi.js": {"path":"C:\\Users\\krishna\\reactjs\\ar\\advance-react\\lib\\DataApi.js","statementMap":{},"fnMap":{"0":{"name":"(anonymous_0)","decl":{"start":{"line":2,"column":4},"end":{"line":2,"column":5}},"loc":{"start":{"line":2,"column":17},"end":{"line":4,"column":5}},"line":2},"1":{"name":"(anonymous_1)","decl":{"start":{"line":5,"column":4},"end":{"line":5,"column":5}},"loc":{"start":{"line":5,"column":17},"end":{"line":7,"column":5}},"line":5}},"branchMap":{},"s":{},"f":{"0":1,"1":1},"b":{},"_coverageSchema":"332fd63041d2c1bcb487cc26dd0d5f7d97098a6c","hash":"2516d9c3f62591a5b13fac798aaeeed300ac645b"}
}
